d:\dev\game-engine\odvmengine\bin-int\debug-windows-x86_64\odvm\odvm.pch
d:\dev\game-engine\odvmengine\bin-int\debug-windows-x86_64\odvm\odvm.pdb
d:\dev\game-engine\odvmengine\bin-int\debug-windows-x86_64\odvm\odvm.idb
d:\dev\game-engine\odvmengine\bin-int\debug-windows-x86_64\odvm\odvmpch.obj
d:\dev\game-engine\odvmengine\bin-int\debug-windows-x86_64\odvm\windowswindow.obj
d:\dev\game-engine\odvmengine\bin-int\debug-windows-x86_64\odvm\windowsinput.obj
d:\dev\game-engine\odvmengine\bin-int\debug-windows-x86_64\odvm\log.obj
d:\dev\game-engine\odvmengine\bin-int\debug-windows-x86_64\odvm\layerstack.obj
d:\dev\game-engine\odvmengine\bin-int\debug-windows-x86_64\odvm\layer.obj
d:\dev\game-engine\odvmengine\bin-int\debug-windows-x86_64\odvm\imguilayer.obj
d:\dev\game-engine\odvmengine\bin-int\debug-windows-x86_64\odvm\imguibuild.obj
d:\dev\game-engine\odvmengine\bin-int\debug-windows-x86_64\odvm\application.obj
d:\dev\game-engine\odvmengine\bin\debug-windows-x86_64\odvm\odvm.lib
d:\dev\game-engine\odvmengine\odvm\..\bin\debug-windows-x86_64\odvm\odvm.lib
d:\dev\game-engine\odvmengine\bin-int\debug-windows-x86_64\odvm\odvm.tlog\cl.command.1.tlog
d:\dev\game-engine\odvmengine\bin-int\debug-windows-x86_64\odvm\odvm.tlog\cl.read.1.tlog
d:\dev\game-engine\odvmengine\bin-int\debug-windows-x86_64\odvm\odvm.tlog\cl.write.1.tlog
d:\dev\game-engine\odvmengine\bin-int\debug-windows-x86_64\odvm\odvm.tlog\lib-link.read.1.tlog
d:\dev\game-engine\odvmengine\bin-int\debug-windows-x86_64\odvm\odvm.tlog\lib-link.write.1.tlog
d:\dev\game-engine\odvmengine\bin-int\debug-windows-x86_64\odvm\odvm.tlog\lib.command.1.tlog
