d:\dev\game-engine\odvmengine\bin-int\dist-windows-x86_64\odvm\odvm.pch
d:\dev\game-engine\odvmengine\bin-int\dist-windows-x86_64\odvm\odvm.pdb
d:\dev\game-engine\odvmengine\bin-int\dist-windows-x86_64\odvm\odvmpch.obj
d:\dev\game-engine\odvmengine\bin-int\dist-windows-x86_64\odvm\windows.obj
d:\dev\game-engine\odvmengine\bin-int\dist-windows-x86_64\odvm\openglvertexarray.obj
d:\dev\game-engine\odvmengine\bin-int\dist-windows-x86_64\odvm\openglshader.obj
d:\dev\game-engine\odvmengine\bin-int\dist-windows-x86_64\odvm\openglrendererapi.obj
d:\dev\game-engine\odvmengine\bin-int\dist-windows-x86_64\odvm\openglcontext.obj
d:\dev\game-engine\odvmengine\bin-int\dist-windows-x86_64\odvm\openglbuffer.obj
d:\dev\game-engine\odvmengine\bin-int\dist-windows-x86_64\odvm\vertexarray.obj
d:\dev\game-engine\odvmengine\bin-int\dist-windows-x86_64\odvm\shader.obj
d:\dev\game-engine\odvmengine\bin-int\dist-windows-x86_64\odvm\rendererapi.obj
d:\dev\game-engine\odvmengine\bin-int\dist-windows-x86_64\odvm\renderer.obj
d:\dev\game-engine\odvmengine\bin-int\dist-windows-x86_64\odvm\rendercommand.obj
d:\dev\game-engine\odvmengine\bin-int\dist-windows-x86_64\odvm\cameras.obj
d:\dev\game-engine\odvmengine\bin-int\dist-windows-x86_64\odvm\buffer.obj
d:\dev\game-engine\odvmengine\bin-int\dist-windows-x86_64\odvm\imguilayer.obj
d:\dev\game-engine\odvmengine\bin-int\dist-windows-x86_64\odvm\imguibuild.obj
d:\dev\game-engine\odvmengine\bin-int\dist-windows-x86_64\odvm\platform.obj
d:\dev\game-engine\odvmengine\bin-int\dist-windows-x86_64\odvm\log.obj
d:\dev\game-engine\odvmengine\bin-int\dist-windows-x86_64\odvm\layerstack.obj
d:\dev\game-engine\odvmengine\bin-int\dist-windows-x86_64\odvm\layer.obj
d:\dev\game-engine\odvmengine\bin-int\dist-windows-x86_64\odvm\application.obj
d:\dev\game-engine\odvmengine\bin-int\dist-windows-x86_64\odvm\windowswindow.obj
d:\dev\game-engine\odvmengine\bin-int\dist-windows-x86_64\odvm\windowsinput.obj
d:\dev\game-engine\odvmengine\bin\dist-windows-x86_64\odvm\odvm.lib
d:\dev\game-engine\odvmengine\odvm\..\bin\dist-windows-x86_64\odvm\odvm.lib
d:\dev\game-engine\odvmengine\bin-int\dist-windows-x86_64\odvm\odvm.tlog\cl.command.1.tlog
d:\dev\game-engine\odvmengine\bin-int\dist-windows-x86_64\odvm\odvm.tlog\cl.read.1.tlog
d:\dev\game-engine\odvmengine\bin-int\dist-windows-x86_64\odvm\odvm.tlog\cl.write.1.tlog
d:\dev\game-engine\odvmengine\bin-int\dist-windows-x86_64\odvm\odvm.tlog\lib-link.read.1.tlog
d:\dev\game-engine\odvmengine\bin-int\dist-windows-x86_64\odvm\odvm.tlog\lib-link.write.1.tlog
d:\dev\game-engine\odvmengine\bin-int\dist-windows-x86_64\odvm\odvm.tlog\lib.command.1.tlog
